#! /usr/local/bin/vvp
:ivl_version "12.0 (stable)";
:ivl_delay_selection "TYPICAL";
:vpi_time_precision - 12;
:vpi_module "/usr/local/lib/ivl/system.vpi";
:vpi_module "/usr/local/lib/ivl/vhdl_sys.vpi";
:vpi_module "/usr/local/lib/ivl/vhdl_textio.vpi";
:vpi_module "/usr/local/lib/ivl/v2005_math.vpi";
:vpi_module "/usr/local/lib/ivl/va_math.vpi";
S_0x55fbb40484e0 .scope module, "top_tb" "top_tb" 2 3;
 .timescale -9 -12;
v0x55fbb409e000_0 .var "a", 3 0;
v0x55fbb409e0e0_0 .var "b", 3 0;
v0x55fbb409e1b0_0 .var "clk", 0 0;
v0x55fbb409e2d0_0 .net "out", 3 0, v0x55fbb409d5c0_0;  1 drivers
v0x55fbb409e3c0_0 .var "rst", 0 0;
S_0x55fbb4081360 .scope module, "uut" "top" 2 13, 3 2 0, S_0x55fbb40484e0;
 .timescale -9 -12;
    .port_info 0 /INPUT 4 "a";
    .port_info 1 /INPUT 4 "b";
    .port_info 2 /INPUT 1 "rst";
    .port_info 3 /INPUT 1 "clk";
    .port_info 4 /OUTPUT 4 "out";
v0x55fbb409d910_0 .net "a", 3 0, v0x55fbb409e000_0;  1 drivers
v0x55fbb409da10_0 .net "b", 3 0, v0x55fbb409e0e0_0;  1 drivers
v0x55fbb409daf0_0 .var "buff_a", 0 0;
v0x55fbb409db90_0 .var "buff_b", 0 0;
v0x55fbb409dc60_0 .net "clk", 0 0, v0x55fbb409e1b0_0;  1 drivers
v0x55fbb409dd50_0 .var "count", 3 0;
v0x55fbb409ddf0_0 .net "out", 3 0, v0x55fbb409d5c0_0;  alias, 1 drivers
v0x55fbb409dec0_0 .net "rst", 0 0, v0x55fbb409e3c0_0;  1 drivers
S_0x55fbb4081540 .scope module, "fa_inst" "fa" 3 9, 4 1 0, S_0x55fbb4081360;
 .timescale -9 -12;
    .port_info 0 /INPUT 1 "a";
    .port_info 1 /INPUT 1 "b";
    .port_info 2 /INPUT 1 "rst";
    .port_info 3 /INPUT 1 "clk";
    .port_info 4 /OUTPUT 4 "out";
v0x55fbb406ef70_0 .net "a", 0 0, v0x55fbb409daf0_0;  1 drivers
v0x55fbb406f010_0 .net "b", 0 0, v0x55fbb409db90_0;  1 drivers
v0x55fbb409d460_0 .var "carry", 0 0;
v0x55fbb409d500_0 .net "clk", 0 0, v0x55fbb409e1b0_0;  alias, 1 drivers
v0x55fbb409d5c0_0 .var "out", 3 0;
v0x55fbb409d6f0_0 .net "rst", 0 0, v0x55fbb409e3c0_0;  alias, 1 drivers
v0x55fbb409d7b0_0 .var "sum", 0 0;
E_0x55fbb407f030 .event posedge, v0x55fbb409d500_0, v0x55fbb409d6f0_0;
    .scope S_0x55fbb4081540;
T_0 ;
    %wait E_0x55fbb407f030;
    %load/vec4 v0x55fbb409d6f0_0;
    %flag_set/vec4 8;
    %jmp/0xz  T_0.0, 8;
    %pushi/vec4 0, 0, 2;
    %split/vec4 1;
    %assign/vec4 v0x55fbb409d460_0, 0;
    %assign/vec4 v0x55fbb409d7b0_0, 0;
    %pushi/vec4 0, 0, 4;
    %assign/vec4 v0x55fbb409d5c0_0, 0;
    %jmp T_0.1;
T_0.0 ;
    %load/vec4 v0x55fbb406ef70_0;
    %load/vec4 v0x55fbb406f010_0;
    %xor;
    %load/vec4 v0x55fbb409d460_0;
    %xor;
    %assign/vec4 v0x55fbb409d7b0_0, 0;
    %load/vec4 v0x55fbb406ef70_0;
    %load/vec4 v0x55fbb406f010_0;
    %and;
    %load/vec4 v0x55fbb406f010_0;
    %load/vec4 v0x55fbb409d460_0;
    %and;
    %or;
    %load/vec4 v0x55fbb409d460_0;
    %load/vec4 v0x55fbb406ef70_0;
    %and;
    %or;
    %assign/vec4 v0x55fbb409d460_0, 0;
    %load/vec4 v0x55fbb409d7b0_0;
    %load/vec4 v0x55fbb409d5c0_0;
    %parti/s 3, 1, 2;
    %concat/vec4; draw_concat_vec4
    %assign/vec4 v0x55fbb409d5c0_0, 0;
T_0.1 ;
    %jmp T_0;
    .thread T_0;
    .scope S_0x55fbb4081360;
T_1 ;
    %pushi/vec4 0, 0, 4;
    %store/vec4 v0x55fbb409dd50_0, 0, 4;
    %end;
    .thread T_1;
    .scope S_0x55fbb4081360;
T_2 ;
    %wait E_0x55fbb407f030;
    %load/vec4 v0x55fbb409dec0_0;
    %flag_set/vec4 8;
    %jmp/0xz  T_2.0, 8;
    %pushi/vec4 0, 0, 4;
    %assign/vec4 v0x55fbb409dd50_0, 0;
    %pushi/vec4 0, 0, 1;
    %assign/vec4 v0x55fbb409daf0_0, 0;
    %pushi/vec4 0, 0, 1;
    %assign/vec4 v0x55fbb409db90_0, 0;
    %jmp T_2.1;
T_2.0 ;
    %load/vec4 v0x55fbb409dd50_0;
    %addi 1, 0, 4;
    %assign/vec4 v0x55fbb409dd50_0, 0;
    %load/vec4 v0x55fbb409dd50_0;
    %cmpi/u 3, 0, 4;
    %flag_or 5, 4;
    %jmp/0xz  T_2.2, 5;
    %load/vec4 v0x55fbb409d910_0;
    %load/vec4 v0x55fbb409dd50_0;
    %part/u 1;
    %assign/vec4 v0x55fbb409daf0_0, 0;
    %load/vec4 v0x55fbb409da10_0;
    %load/vec4 v0x55fbb409dd50_0;
    %part/u 1;
    %assign/vec4 v0x55fbb409db90_0, 0;
    %jmp T_2.3;
T_2.2 ;
    %pushi/vec4 0, 0, 4;
    %assign/vec4 v0x55fbb409dd50_0, 0;
T_2.3 ;
T_2.1 ;
    %jmp T_2;
    .thread T_2;
    .scope S_0x55fbb40484e0;
T_3 ;
    %pushi/vec4 1, 0, 1;
    %store/vec4 v0x55fbb409e1b0_0, 0, 1;
    %pushi/vec4 1, 0, 1;
    %store/vec4 v0x55fbb409e3c0_0, 0, 1;
    %delay 10000, 0;
    %pushi/vec4 0, 0, 1;
    %store/vec4 v0x55fbb409e3c0_0, 0, 1;
    %end;
    .thread T_3;
    .scope S_0x55fbb40484e0;
T_4 ;
    %delay 5000, 0;
    %load/vec4 v0x55fbb409e1b0_0;
    %inv;
    %store/vec4 v0x55fbb409e1b0_0, 0, 1;
    %jmp T_4;
    .thread T_4;
    .scope S_0x55fbb40484e0;
T_5 ;
    %pushi/vec4 0, 0, 4;
    %store/vec4 v0x55fbb409e000_0, 0, 4;
    %pushi/vec4 0, 0, 4;
    %store/vec4 v0x55fbb409e0e0_0, 0, 4;
    %delay 40000, 0;
    %pushi/vec4 1, 0, 4;
    %store/vec4 v0x55fbb409e000_0, 0, 4;
    %pushi/vec4 2, 0, 4;
    %store/vec4 v0x55fbb409e0e0_0, 0, 4;
    %delay 40000, 0;
    %pushi/vec4 0, 0, 4;
    %store/vec4 v0x55fbb409e000_0, 0, 4;
    %pushi/vec4 1, 0, 4;
    %store/vec4 v0x55fbb409e0e0_0, 0, 4;
    %delay 40000, 0;
    %pushi/vec4 3, 0, 4;
    %store/vec4 v0x55fbb409e000_0, 0, 4;
    %pushi/vec4 2, 0, 4;
    %store/vec4 v0x55fbb409e0e0_0, 0, 4;
    %delay 40000, 0;
    %pushi/vec4 0, 0, 4;
    %store/vec4 v0x55fbb409e000_0, 0, 4;
    %pushi/vec4 0, 0, 4;
    %store/vec4 v0x55fbb409e0e0_0, 0, 4;
    %delay 100000, 0;
    %vpi_call 2 40 "$finish" {0 0 0};
    %end;
    .thread T_5;
    .scope S_0x55fbb40484e0;
T_6 ;
    %vpi_call 2 43 "$dumpfile", "top_tb.vcd" {0 0 0};
    %vpi_call 2 44 "$dumpvars", 32'sb00000000000000000000000000000000, S_0x55fbb40484e0 {0 0 0};
    %end;
    .thread T_6;
    .scope S_0x55fbb40484e0;
T_7 ;
    %vpi_call 2 49 "$monitor", "a = %b, b = %b, out = %b", v0x55fbb409e000_0, v0x55fbb409e0e0_0, v0x55fbb409e2d0_0 {0 0 0};
    %end;
    .thread T_7;
# The file index is used to find the file name in the following table.
:file_names 5;
    "N/A";
    "<interactive>";
    "top_tb.v";
    "./top.v";
    "./fa.v";
