#! /usr/local/bin/vvp
:ivl_version "12.0 (stable)";
:ivl_delay_selection "TYPICAL";
:vpi_time_precision + 0;
:vpi_module "/usr/local/lib/ivl/system.vpi";
:vpi_module "/usr/local/lib/ivl/vhdl_sys.vpi";
:vpi_module "/usr/local/lib/ivl/vhdl_textio.vpi";
:vpi_module "/usr/local/lib/ivl/v2005_math.vpi";
:vpi_module "/usr/local/lib/ivl/va_math.vpi";
S_0x55c363b3f4e0 .scope module, "fa_tv" "fa_tv" 2 2;
 .timescale 0 0;
v0x55c363b8a8b0_0 .var "a", 0 0;
v0x55c363b8a970_0 .var "b", 0 0;
v0x55c363b8aa40_0 .var "clk", 0 0;
v0x55c363b8ab40_0 .net "out", 3 0, v0x55c363b8a620_0;  1 drivers
v0x55c363b8ac10_0 .var "rst", 0 0;
S_0x55c363b773e0 .scope module, "inst1" "fa" 2 7, 3 1 0, S_0x55c363b3f4e0;
 .timescale 0 0;
    .port_info 0 /INPUT 1 "a";
    .port_info 1 /INPUT 1 "b";
    .port_info 2 /INPUT 1 "rst";
    .port_info 3 /INPUT 1 "clk";
    .port_info 4 /OUTPUT 4 "out";
v0x55c363b775e0_0 .net "a", 0 0, v0x55c363b8a8b0_0;  1 drivers
v0x55c363b8a490_0 .net "b", 0 0, v0x55c363b8a970_0;  1 drivers
v0x55c363b8a550_0 .net "clk", 0 0, v0x55c363b8aa40_0;  1 drivers
v0x55c363b8a620_0 .var "out", 3 0;
v0x55c363b8a700_0 .net "rst", 0 0, v0x55c363b8ac10_0;  1 drivers
E_0x55c363b3e5a0 .event posedge, v0x55c363b8a550_0, v0x55c363b8a700_0;
    .scope S_0x55c363b773e0;
T_0 ;
    %wait E_0x55c363b3e5a0;
    %load/vec4 v0x55c363b8a700_0;
    %flag_set/vec4 8;
    %jmp/0xz  T_0.0, 8;
    %pushi/vec4 0, 0, 4;
    %assign/vec4 v0x55c363b8a620_0, 0;
    %jmp T_0.1;
T_0.0 ;
    %load/vec4 v0x55c363b775e0_0;
    %load/vec4 v0x55c363b8a490_0;
    %add;
    %load/vec4 v0x55c363b8a620_0;
    %parti/s 3, 1, 2;
    %concat/vec4; draw_concat_vec4
    %assign/vec4 v0x55c363b8a620_0, 0;
T_0.1 ;
    %jmp T_0;
    .thread T_0;
    .scope S_0x55c363b3f4e0;
T_1 ;
    %vpi_call 2 10 "$dumpfile", "fa_tb.vcd" {0 0 0};
    %vpi_call 2 11 "$dumpvars" {0 0 0};
    %end;
    .thread T_1;
    .scope S_0x55c363b3f4e0;
T_2 ;
    %pushi/vec4 0, 0, 1;
    %store/vec4 v0x55c363b8aa40_0, 0, 1;
    %pushi/vec4 1, 0, 1;
    %store/vec4 v0x55c363b8ac10_0, 0, 1;
    %pushi/vec4 1, 0, 1;
    %store/vec4 v0x55c363b8a8b0_0, 0, 1;
    %pushi/vec4 1, 0, 1;
    %store/vec4 v0x55c363b8a970_0, 0, 1;
    %delay 10, 0;
    %pushi/vec4 0, 0, 1;
    %store/vec4 v0x55c363b8ac10_0, 0, 1;
    %pushi/vec4 1, 0, 1;
    %store/vec4 v0x55c363b8a8b0_0, 0, 1;
    %pushi/vec4 0, 0, 1;
    %store/vec4 v0x55c363b8a970_0, 0, 1;
    %delay 10, 0;
    %pushi/vec4 1, 0, 1;
    %store/vec4 v0x55c363b8a8b0_0, 0, 1;
    %pushi/vec4 1, 0, 1;
    %store/vec4 v0x55c363b8a970_0, 0, 1;
    %delay 10, 0;
    %vpi_call 2 25 "$finish" {0 0 0};
    %end;
    .thread T_2;
    .scope S_0x55c363b3f4e0;
T_3 ;
    %load/vec4 v0x55c363b8aa40_0;
    %inv;
    %store/vec4 v0x55c363b8aa40_0, 0, 1;
    %delay 5, 0;
    %jmp T_3;
    .thread T_3;
# The file index is used to find the file name in the following table.
:file_names 4;
    "N/A";
    "<interactive>";
    "fa_tb.v";
    "./fa.v";
