#! /usr/local/bin/vvp
:ivl_version "12.0 (stable)";
:ivl_delay_selection "TYPICAL";
:vpi_time_precision - 12;
:vpi_module "/usr/local/lib/ivl/system.vpi";
:vpi_module "/usr/local/lib/ivl/vhdl_sys.vpi";
:vpi_module "/usr/local/lib/ivl/vhdl_textio.vpi";
:vpi_module "/usr/local/lib/ivl/v2005_math.vpi";
:vpi_module "/usr/local/lib/ivl/va_math.vpi";
S_0x5641c6f574e0 .scope module, "top_tb" "top_tb" 2 3;
 .timescale -9 -12;
v0x5641c6fb92d0_0 .var "a", 0 0;
v0x5641c6fb9390_0 .var "b", 0 0;
v0x5641c6fb9450_0 .var "clk", 0 0;
v0x5641c6fb94f0_0 .net "out", 3 0, v0x5641c6fb8840_0;  1 drivers
v0x5641c6fb95e0_0 .var "rst", 0 0;
S_0x5641c6f81fe0 .scope module, "uut" "top" 2 12, 3 5 0, S_0x5641c6f574e0;
 .timescale -9 -12;
    .port_info 0 /INPUT 1 "a";
    .port_info 1 /INPUT 1 "b";
    .port_info 2 /INPUT 1 "clk";
    .port_info 3 /INPUT 1 "rst";
    .port_info 4 /OUTPUT 4 "out";
v0x5641c6fb8ab0_0 .net "a", 0 0, v0x5641c6fb92d0_0;  1 drivers
v0x5641c6fb8b70_0 .net "b", 0 0, v0x5641c6fb9390_0;  1 drivers
v0x5641c6fb8c10_0 .net "buff_a", 3 0, v0x5641c6fb77b0_0;  1 drivers
v0x5641c6fb8d10_0 .net "buff_b", 3 0, v0x5641c6fb7fd0_0;  1 drivers
v0x5641c6fb8de0_0 .net "buff_out", 0 0, L_0x5641c6f80460;  1 drivers
v0x5641c6fb8f20_0 .net "cin", 0 0, v0x5641c6fb7070_0;  1 drivers
v0x5641c6fb9010_0 .net "clk", 0 0, v0x5641c6fb9450_0;  1 drivers
v0x5641c6fb90b0_0 .net "cout", 0 0, L_0x5641c6fb9b30;  1 drivers
v0x5641c6fb9150_0 .net "out", 3 0, v0x5641c6fb8840_0;  alias, 1 drivers
v0x5641c6fb91f0_0 .net "rst", 0 0, v0x5641c6fb95e0_0;  1 drivers
L_0x5641c6fb9c40 .part v0x5641c6fb77b0_0, 0, 1;
L_0x5641c6fb9d70 .part v0x5641c6fb7fd0_0, 0, 1;
S_0x5641c6f8eab0 .scope module, "uuadr" "adder" 3 14, 4 2 0, S_0x5641c6f81fe0;
 .timescale -9 -12;
    .port_info 0 /INPUT 1 "a";
    .port_info 1 /INPUT 1 "b";
    .port_info 2 /INPUT 1 "cin";
    .port_info 3 /OUTPUT 1 "sum";
    .port_info 4 /OUTPUT 1 "c";
L_0x5641c6f81920 .functor XOR 1, L_0x5641c6fb9c40, L_0x5641c6fb9d70, C4<0>, C4<0>;
L_0x5641c6f80460 .functor XOR 1, L_0x5641c6f81920, v0x5641c6fb7070_0, C4<0>, C4<0>;
L_0x5641c6fb9780 .functor AND 1, L_0x5641c6fb9c40, L_0x5641c6fb9d70, C4<1>, C4<1>;
L_0x5641c6fb9890 .functor AND 1, L_0x5641c6fb9d70, v0x5641c6fb7070_0, C4<1>, C4<1>;
L_0x5641c6fb99c0 .functor OR 1, L_0x5641c6fb9780, L_0x5641c6fb9890, C4<0>, C4<0>;
L_0x5641c6fb9a80 .functor AND 1, v0x5641c6fb7070_0, L_0x5641c6fb9c40, C4<1>, C4<1>;
L_0x5641c6fb9b30 .functor OR 1, L_0x5641c6fb99c0, L_0x5641c6fb9a80, C4<0>, C4<0>;
v0x5641c6f85a00_0 .net *"_ivl_0", 0 0, L_0x5641c6f81920;  1 drivers
v0x5641c6f81a40_0 .net *"_ivl_10", 0 0, L_0x5641c6fb9a80;  1 drivers
v0x5641c6f80580_0 .net *"_ivl_4", 0 0, L_0x5641c6fb9780;  1 drivers
v0x5641c6fb6690_0 .net *"_ivl_6", 0 0, L_0x5641c6fb9890;  1 drivers
v0x5641c6fb6770_0 .net *"_ivl_8", 0 0, L_0x5641c6fb99c0;  1 drivers
v0x5641c6fb68a0_0 .net "a", 0 0, L_0x5641c6fb9c40;  1 drivers
v0x5641c6fb6960_0 .net "b", 0 0, L_0x5641c6fb9d70;  1 drivers
v0x5641c6fb6a20_0 .net "c", 0 0, L_0x5641c6fb9b30;  alias, 1 drivers
v0x5641c6fb6ae0_0 .net "cin", 0 0, v0x5641c6fb7070_0;  alias, 1 drivers
v0x5641c6fb6ba0_0 .net "sum", 0 0, L_0x5641c6f80460;  alias, 1 drivers
S_0x5641c6fb6d00 .scope module, "uud" "dff" 3 15, 5 1 0, S_0x5641c6f81fe0;
 .timescale -9 -12;
    .port_info 0 /INPUT 1 "clk";
    .port_info 1 /INPUT 1 "reset";
    .port_info 2 /INPUT 1 "d";
    .port_info 3 /OUTPUT 1 "q";
v0x5641c6fb6ed0_0 .net "clk", 0 0, v0x5641c6fb9450_0;  alias, 1 drivers
v0x5641c6fb6fb0_0 .net "d", 0 0, L_0x5641c6fb9b30;  alias, 1 drivers
v0x5641c6fb7070_0 .var "q", 0 0;
v0x5641c6fb7140_0 .net "reset", 0 0, v0x5641c6fb95e0_0;  alias, 1 drivers
E_0x5641c6f8df30 .event posedge, v0x5641c6fb6ed0_0;
S_0x5641c6fb7230 .scope module, "uus1" "shift_register" 3 12, 6 1 0, S_0x5641c6f81fe0;
 .timescale -9 -12;
    .port_info 0 /INPUT 1 "d";
    .port_info 1 /INPUT 1 "clk";
    .port_info 2 /INPUT 1 "en";
    .port_info 3 /INPUT 1 "dir";
    .port_info 4 /INPUT 1 "rst";
    .port_info 5 /OUTPUT 4 "out";
v0x5641c6fb74b0_0 .net "clk", 0 0, v0x5641c6fb9450_0;  alias, 1 drivers
v0x5641c6fb7580_0 .net "d", 0 0, v0x5641c6fb92d0_0;  alias, 1 drivers
L_0x7facb722d060 .functor BUFT 1, C4<1>, C4<0>, C4<0>, C4<0>;
v0x5641c6fb7620_0 .net "dir", 0 0, L_0x7facb722d060;  1 drivers
L_0x7facb722d018 .functor BUFT 1, C4<1>, C4<0>, C4<0>, C4<0>;
v0x5641c6fb76f0_0 .net "en", 0 0, L_0x7facb722d018;  1 drivers
v0x5641c6fb77b0_0 .var "out", 3 0;
v0x5641c6fb78e0_0 .net "rst", 0 0, v0x5641c6fb95e0_0;  alias, 1 drivers
S_0x5641c6fb7a20 .scope module, "uus2" "shift_register" 3 13, 6 1 0, S_0x5641c6f81fe0;
 .timescale -9 -12;
    .port_info 0 /INPUT 1 "d";
    .port_info 1 /INPUT 1 "clk";
    .port_info 2 /INPUT 1 "en";
    .port_info 3 /INPUT 1 "dir";
    .port_info 4 /INPUT 1 "rst";
    .port_info 5 /OUTPUT 4 "out";
v0x5641c6fb7ca0_0 .net "clk", 0 0, v0x5641c6fb9450_0;  alias, 1 drivers
v0x5641c6fb7db0_0 .net "d", 0 0, v0x5641c6fb9390_0;  alias, 1 drivers
L_0x7facb722d0f0 .functor BUFT 1, C4<1>, C4<0>, C4<0>, C4<0>;
v0x5641c6fb7e70_0 .net "dir", 0 0, L_0x7facb722d0f0;  1 drivers
L_0x7facb722d0a8 .functor BUFT 1, C4<1>, C4<0>, C4<0>, C4<0>;
v0x5641c6fb7f10_0 .net "en", 0 0, L_0x7facb722d0a8;  1 drivers
v0x5641c6fb7fd0_0 .var "out", 3 0;
v0x5641c6fb8100_0 .net "rst", 0 0, v0x5641c6fb95e0_0;  alias, 1 drivers
S_0x5641c6fb82b0 .scope module, "uus3" "shift_register" 3 16, 6 1 0, S_0x5641c6f81fe0;
 .timescale -9 -12;
    .port_info 0 /INPUT 1 "d";
    .port_info 1 /INPUT 1 "clk";
    .port_info 2 /INPUT 1 "en";
    .port_info 3 /INPUT 1 "dir";
    .port_info 4 /INPUT 1 "rst";
    .port_info 5 /OUTPUT 4 "out";
v0x5641c6fb8580_0 .net "clk", 0 0, v0x5641c6fb9450_0;  alias, 1 drivers
v0x5641c6fb8640_0 .net "d", 0 0, L_0x5641c6f80460;  alias, 1 drivers
L_0x7facb722d180 .functor BUFT 1, C4<1>, C4<0>, C4<0>, C4<0>;
v0x5641c6fb8700_0 .net "dir", 0 0, L_0x7facb722d180;  1 drivers
L_0x7facb722d138 .functor BUFT 1, C4<1>, C4<0>, C4<0>, C4<0>;
v0x5641c6fb87a0_0 .net "en", 0 0, L_0x7facb722d138;  1 drivers
v0x5641c6fb8840_0 .var "out", 3 0;
v0x5641c6fb8950_0 .net "rst", 0 0, v0x5641c6fb95e0_0;  alias, 1 drivers
    .scope S_0x5641c6fb7230;
T_0 ;
    %wait E_0x5641c6f8df30;
    %load/vec4 v0x5641c6fb78e0_0;
    %flag_set/vec4 8;
    %jmp/0xz  T_0.0, 8;
    %pushi/vec4 0, 0, 4;
    %assign/vec4 v0x5641c6fb77b0_0, 0;
    %jmp T_0.1;
T_0.0 ;
    %load/vec4 v0x5641c6fb76f0_0;
    %flag_set/vec4 8;
    %jmp/0xz  T_0.2, 8;
    %load/vec4 v0x5641c6fb7620_0;
    %dup/vec4;
    %pushi/vec4 0, 0, 1;
    %cmp/u;
    %jmp/1 T_0.4, 6;
    %dup/vec4;
    %pushi/vec4 1, 0, 1;
    %cmp/u;
    %jmp/1 T_0.5, 6;
    %jmp T_0.6;
T_0.4 ;
    %load/vec4 v0x5641c6fb77b0_0;
    %parti/s 3, 0, 2;
    %load/vec4 v0x5641c6fb7580_0;
    %concat/vec4; draw_concat_vec4
    %assign/vec4 v0x5641c6fb77b0_0, 0;
    %jmp T_0.6;
T_0.5 ;
    %load/vec4 v0x5641c6fb7580_0;
    %load/vec4 v0x5641c6fb77b0_0;
    %parti/s 3, 1, 2;
    %concat/vec4; draw_concat_vec4
    %assign/vec4 v0x5641c6fb77b0_0, 0;
    %jmp T_0.6;
T_0.6 ;
    %pop/vec4 1;
    %jmp T_0.3;
T_0.2 ;
    %load/vec4 v0x5641c6fb77b0_0;
    %assign/vec4 v0x5641c6fb77b0_0, 0;
T_0.3 ;
T_0.1 ;
    %jmp T_0;
    .thread T_0;
    .scope S_0x5641c6fb7a20;
T_1 ;
    %wait E_0x5641c6f8df30;
    %load/vec4 v0x5641c6fb8100_0;
    %flag_set/vec4 8;
    %jmp/0xz  T_1.0, 8;
    %pushi/vec4 0, 0, 4;
    %assign/vec4 v0x5641c6fb7fd0_0, 0;
    %jmp T_1.1;
T_1.0 ;
    %load/vec4 v0x5641c6fb7f10_0;
    %flag_set/vec4 8;
    %jmp/0xz  T_1.2, 8;
    %load/vec4 v0x5641c6fb7e70_0;
    %dup/vec4;
    %pushi/vec4 0, 0, 1;
    %cmp/u;
    %jmp/1 T_1.4, 6;
    %dup/vec4;
    %pushi/vec4 1, 0, 1;
    %cmp/u;
    %jmp/1 T_1.5, 6;
    %jmp T_1.6;
T_1.4 ;
    %load/vec4 v0x5641c6fb7fd0_0;
    %parti/s 3, 0, 2;
    %load/vec4 v0x5641c6fb7db0_0;
    %concat/vec4; draw_concat_vec4
    %assign/vec4 v0x5641c6fb7fd0_0, 0;
    %jmp T_1.6;
T_1.5 ;
    %load/vec4 v0x5641c6fb7db0_0;
    %load/vec4 v0x5641c6fb7fd0_0;
    %parti/s 3, 1, 2;
    %concat/vec4; draw_concat_vec4
    %assign/vec4 v0x5641c6fb7fd0_0, 0;
    %jmp T_1.6;
T_1.6 ;
    %pop/vec4 1;
    %jmp T_1.3;
T_1.2 ;
    %load/vec4 v0x5641c6fb7fd0_0;
    %assign/vec4 v0x5641c6fb7fd0_0, 0;
T_1.3 ;
T_1.1 ;
    %jmp T_1;
    .thread T_1;
    .scope S_0x5641c6fb6d00;
T_2 ;
    %wait E_0x5641c6f8df30;
    %load/vec4 v0x5641c6fb7140_0;
    %flag_set/vec4 8;
    %jmp/0xz  T_2.0, 8;
    %pushi/vec4 0, 0, 1;
    %assign/vec4 v0x5641c6fb7070_0, 0;
    %jmp T_2.1;
T_2.0 ;
    %load/vec4 v0x5641c6fb6fb0_0;
    %assign/vec4 v0x5641c6fb7070_0, 0;
T_2.1 ;
    %jmp T_2;
    .thread T_2;
    .scope S_0x5641c6fb82b0;
T_3 ;
    %wait E_0x5641c6f8df30;
    %load/vec4 v0x5641c6fb8950_0;
    %flag_set/vec4 8;
    %jmp/0xz  T_3.0, 8;
    %pushi/vec4 0, 0, 4;
    %assign/vec4 v0x5641c6fb8840_0, 0;
    %jmp T_3.1;
T_3.0 ;
    %load/vec4 v0x5641c6fb87a0_0;
    %flag_set/vec4 8;
    %jmp/0xz  T_3.2, 8;
    %load/vec4 v0x5641c6fb8700_0;
    %dup/vec4;
    %pushi/vec4 0, 0, 1;
    %cmp/u;
    %jmp/1 T_3.4, 6;
    %dup/vec4;
    %pushi/vec4 1, 0, 1;
    %cmp/u;
    %jmp/1 T_3.5, 6;
    %jmp T_3.6;
T_3.4 ;
    %load/vec4 v0x5641c6fb8840_0;
    %parti/s 3, 0, 2;
    %load/vec4 v0x5641c6fb8640_0;
    %concat/vec4; draw_concat_vec4
    %assign/vec4 v0x5641c6fb8840_0, 0;
    %jmp T_3.6;
T_3.5 ;
    %load/vec4 v0x5641c6fb8640_0;
    %load/vec4 v0x5641c6fb8840_0;
    %parti/s 3, 1, 2;
    %concat/vec4; draw_concat_vec4
    %assign/vec4 v0x5641c6fb8840_0, 0;
    %jmp T_3.6;
T_3.6 ;
    %pop/vec4 1;
    %jmp T_3.3;
T_3.2 ;
    %load/vec4 v0x5641c6fb8840_0;
    %assign/vec4 v0x5641c6fb8840_0, 0;
T_3.3 ;
T_3.1 ;
    %jmp T_3;
    .thread T_3;
    .scope S_0x5641c6f574e0;
T_4 ;
    %pushi/vec4 0, 0, 1;
    %store/vec4 v0x5641c6fb9450_0, 0, 1;
    %pushi/vec4 1, 0, 1;
    %store/vec4 v0x5641c6fb95e0_0, 0, 1;
    %delay 10000, 0;
    %pushi/vec4 0, 0, 1;
    %store/vec4 v0x5641c6fb95e0_0, 0, 1;
    %end;
    .thread T_4;
    .scope S_0x5641c6f574e0;
T_5 ;
    %delay 5000, 0;
    %load/vec4 v0x5641c6fb9450_0;
    %inv;
    %store/vec4 v0x5641c6fb9450_0, 0, 1;
    %jmp T_5;
    .thread T_5;
    .scope S_0x5641c6f574e0;
T_6 ;
    %pushi/vec4 0, 0, 1;
    %store/vec4 v0x5641c6fb92d0_0, 0, 1;
    %pushi/vec4 0, 0, 1;
    %store/vec4 v0x5641c6fb9390_0, 0, 1;
    %delay 20000, 0;
    %pushi/vec4 0, 0, 1;
    %store/vec4 v0x5641c6fb92d0_0, 0, 1;
    %pushi/vec4 1, 0, 1;
    %store/vec4 v0x5641c6fb9390_0, 0, 1;
    %delay 10000, 0;
    %pushi/vec4 0, 0, 1;
    %store/vec4 v0x5641c6fb92d0_0, 0, 1;
    %pushi/vec4 0, 0, 1;
    %store/vec4 v0x5641c6fb9390_0, 0, 1;
    %delay 10000, 0;
    %pushi/vec4 1, 0, 1;
    %store/vec4 v0x5641c6fb92d0_0, 0, 1;
    %pushi/vec4 1, 0, 1;
    %store/vec4 v0x5641c6fb9390_0, 0, 1;
    %delay 10000, 0;
    %pushi/vec4 0, 0, 1;
    %store/vec4 v0x5641c6fb92d0_0, 0, 1;
    %pushi/vec4 0, 0, 1;
    %store/vec4 v0x5641c6fb9390_0, 0, 1;
    %delay 60000, 0;
    %pushi/vec4 1, 0, 1;
    %store/vec4 v0x5641c6fb92d0_0, 0, 1;
    %pushi/vec4 1, 0, 1;
    %store/vec4 v0x5641c6fb9390_0, 0, 1;
    %delay 10000, 0;
    %pushi/vec4 1, 0, 1;
    %store/vec4 v0x5641c6fb92d0_0, 0, 1;
    %pushi/vec4 1, 0, 1;
    %store/vec4 v0x5641c6fb9390_0, 0, 1;
    %delay 10000, 0;
    %pushi/vec4 1, 0, 1;
    %store/vec4 v0x5641c6fb92d0_0, 0, 1;
    %pushi/vec4 1, 0, 1;
    %store/vec4 v0x5641c6fb9390_0, 0, 1;
    %delay 10000, 0;
    %pushi/vec4 1, 0, 1;
    %store/vec4 v0x5641c6fb92d0_0, 0, 1;
    %pushi/vec4 1, 0, 1;
    %store/vec4 v0x5641c6fb9390_0, 0, 1;
    %delay 100000, 0;
    %vpi_call 2 47 "$finish" {0 0 0};
    %end;
    .thread T_6;
    .scope S_0x5641c6f574e0;
T_7 ;
    %vpi_call 2 50 "$dumpfile", "top_tb.vcd" {0 0 0};
    %vpi_call 2 51 "$dumpvars", 32'sb00000000000000000000000000000000, S_0x5641c6f574e0 {0 0 0};
    %end;
    .thread T_7;
    .scope S_0x5641c6f574e0;
T_8 ;
    %vpi_call 2 56 "$monitor", "a = %b, b = %b, out = %b", v0x5641c6fb92d0_0, v0x5641c6fb9390_0, v0x5641c6fb94f0_0 {0 0 0};
    %end;
    .thread T_8;
# The file index is used to find the file name in the following table.
:file_names 7;
    "N/A";
    "<interactive>";
    "top_tb.v";
    "./top.v";
    "./adder/adder.v";
    "./d_ff.v";
    "./shift_register/shift_register.v";
