#! /usr/local/bin/vvp
:ivl_version "12.0 (stable)";
:ivl_delay_selection "TYPICAL";
:vpi_time_precision - 12;
:vpi_module "/usr/local/lib/ivl/system.vpi";
:vpi_module "/usr/local/lib/ivl/vhdl_sys.vpi";
:vpi_module "/usr/local/lib/ivl/vhdl_textio.vpi";
:vpi_module "/usr/local/lib/ivl/v2005_math.vpi";
:vpi_module "/usr/local/lib/ivl/va_math.vpi";
S_0x563874b0d4e0 .scope module, "testbench" "testbench" 2 3;
 .timescale -9 -12;
v0x563874b5b890_0 .var "a", 0 0;
v0x563874b5b950_0 .var "b", 0 0;
v0x563874b5ba20_0 .net "c", 0 0, L_0x563874b5c2d0;  1 drivers
v0x563874b5bb20_0 .var "cin", 0 0;
v0x563874b5bbf0_0 .net "sum", 0 0, L_0x563874b5bdd0;  1 drivers
S_0x563874b44ad0 .scope module, "dut" "adder" 2 12, 3 2 0, S_0x563874b0d4e0;
 .timescale -9 -12;
    .port_info 0 /INPUT 1 "a";
    .port_info 1 /INPUT 1 "b";
    .port_info 2 /INPUT 1 "cin";
    .port_info 3 /OUTPUT 1 "sum";
    .port_info 4 /OUTPUT 1 "c";
L_0x563874b5bc90 .functor XOR 1, v0x563874b5b890_0, v0x563874b5b950_0, C4<0>, C4<0>;
L_0x563874b5bdd0 .functor XOR 1, L_0x563874b5bc90, v0x563874b5bb20_0, C4<0>, C4<0>;
L_0x563874b5bf30 .functor AND 1, v0x563874b5b890_0, v0x563874b5b950_0, C4<1>, C4<1>;
L_0x563874b5bfa0 .functor AND 1, v0x563874b5b950_0, v0x563874b5bb20_0, C4<1>, C4<1>;
L_0x563874b5c040 .functor OR 1, L_0x563874b5bf30, L_0x563874b5bfa0, C4<0>, C4<0>;
L_0x563874b5c100 .functor AND 1, v0x563874b5bb20_0, v0x563874b5b890_0, C4<1>, C4<1>;
L_0x563874b5c2d0 .functor OR 1, L_0x563874b5c040, L_0x563874b5c100, C4<0>, C4<0>;
v0x563874b44cb0_0 .net *"_ivl_0", 0 0, L_0x563874b5bc90;  1 drivers
v0x563874b5b080_0 .net *"_ivl_10", 0 0, L_0x563874b5c100;  1 drivers
v0x563874b5b160_0 .net *"_ivl_4", 0 0, L_0x563874b5bf30;  1 drivers
v0x563874b5b220_0 .net *"_ivl_6", 0 0, L_0x563874b5bfa0;  1 drivers
v0x563874b5b300_0 .net *"_ivl_8", 0 0, L_0x563874b5c040;  1 drivers
v0x563874b5b430_0 .net "a", 0 0, v0x563874b5b890_0;  1 drivers
v0x563874b5b4f0_0 .net "b", 0 0, v0x563874b5b950_0;  1 drivers
v0x563874b5b5b0_0 .net "c", 0 0, L_0x563874b5c2d0;  alias, 1 drivers
v0x563874b5b670_0 .net "cin", 0 0, v0x563874b5bb20_0;  1 drivers
v0x563874b5b730_0 .net "sum", 0 0, L_0x563874b5bdd0;  alias, 1 drivers
    .scope S_0x563874b0d4e0;
T_0 ;
    %vpi_call 2 20 "$dumpfile", "adder_tb.vcd" {0 0 0};
    %vpi_call 2 21 "$dumpvars", 32'sb00000000000000000000000000000000, S_0x563874b0d4e0 {0 0 0};
    %end;
    .thread T_0;
    .scope S_0x563874b0d4e0;
T_1 ;
    %pushi/vec4 0, 0, 1;
    %store/vec4 v0x563874b5b890_0, 0, 1;
    %pushi/vec4 0, 0, 1;
    %store/vec4 v0x563874b5b950_0, 0, 1;
    %pushi/vec4 0, 0, 1;
    %store/vec4 v0x563874b5bb20_0, 0, 1;
    %delay 10000, 0;
    %pushi/vec4 1, 0, 1;
    %store/vec4 v0x563874b5b890_0, 0, 1;
    %pushi/vec4 0, 0, 1;
    %store/vec4 v0x563874b5b950_0, 0, 1;
    %pushi/vec4 0, 0, 1;
    %store/vec4 v0x563874b5bb20_0, 0, 1;
    %delay 10000, 0;
    %pushi/vec4 0, 0, 1;
    %store/vec4 v0x563874b5b890_0, 0, 1;
    %pushi/vec4 1, 0, 1;
    %store/vec4 v0x563874b5b950_0, 0, 1;
    %pushi/vec4 0, 0, 1;
    %store/vec4 v0x563874b5bb20_0, 0, 1;
    %delay 10000, 0;
    %pushi/vec4 1, 0, 1;
    %store/vec4 v0x563874b5b890_0, 0, 1;
    %pushi/vec4 1, 0, 1;
    %store/vec4 v0x563874b5b950_0, 0, 1;
    %pushi/vec4 0, 0, 1;
    %store/vec4 v0x563874b5bb20_0, 0, 1;
    %delay 10000, 0;
    %pushi/vec4 0, 0, 1;
    %store/vec4 v0x563874b5b890_0, 0, 1;
    %pushi/vec4 0, 0, 1;
    %store/vec4 v0x563874b5b950_0, 0, 1;
    %pushi/vec4 1, 0, 1;
    %store/vec4 v0x563874b5bb20_0, 0, 1;
    %delay 10000, 0;
    %pushi/vec4 1, 0, 1;
    %store/vec4 v0x563874b5b890_0, 0, 1;
    %pushi/vec4 0, 0, 1;
    %store/vec4 v0x563874b5b950_0, 0, 1;
    %pushi/vec4 1, 0, 1;
    %store/vec4 v0x563874b5bb20_0, 0, 1;
    %delay 10000, 0;
    %pushi/vec4 0, 0, 1;
    %store/vec4 v0x563874b5b890_0, 0, 1;
    %pushi/vec4 1, 0, 1;
    %store/vec4 v0x563874b5b950_0, 0, 1;
    %pushi/vec4 1, 0, 1;
    %store/vec4 v0x563874b5bb20_0, 0, 1;
    %delay 10000, 0;
    %pushi/vec4 1, 0, 1;
    %store/vec4 v0x563874b5b890_0, 0, 1;
    %pushi/vec4 1, 0, 1;
    %store/vec4 v0x563874b5b950_0, 0, 1;
    %pushi/vec4 1, 0, 1;
    %store/vec4 v0x563874b5bb20_0, 0, 1;
    %delay 10000, 0;
    %vpi_call 2 40 "$finish" {0 0 0};
    %end;
    .thread T_1;
# The file index is used to find the file name in the following table.
:file_names 4;
    "N/A";
    "<interactive>";
    "adder_tb.v";
    "./adder.v";
