#! /usr/local/bin/vvp
:ivl_version "12.0 (stable)";
:ivl_delay_selection "TYPICAL";
:vpi_time_precision - 12;
:vpi_module "/usr/local/lib/ivl/system.vpi";
:vpi_module "/usr/local/lib/ivl/vhdl_sys.vpi";
:vpi_module "/usr/local/lib/ivl/vhdl_textio.vpi";
:vpi_module "/usr/local/lib/ivl/v2005_math.vpi";
:vpi_module "/usr/local/lib/ivl/va_math.vpi";
S_0x561f2ee144e0 .scope module, "testbench" "testbench" 2 3;
 .timescale -9 -12;
v0x561f2ee61ed0_0 .var "clk", 0 0;
v0x561f2ee61f90_0 .var "d", 0 0;
v0x561f2ee62060_0 .var "dir", 0 0;
v0x561f2ee62160_0 .var "en", 0 0;
v0x561f2ee62230_0 .net "out", 3 0, v0x561f2ee61c20_0;  1 drivers
v0x561f2ee62320_0 .var "rst", 0 0;
S_0x561f2ee12df0 .scope module, "dut" "shift_register" 2 12, 3 1 0, S_0x561f2ee144e0;
 .timescale -9 -12;
    .port_info 0 /INPUT 1 "d";
    .port_info 1 /INPUT 1 "clk";
    .port_info 2 /INPUT 1 "en";
    .port_info 3 /INPUT 1 "dir";
    .port_info 4 /INPUT 1 "rst";
    .port_info 5 /OUTPUT 4 "out";
v0x561f2ee13090_0 .net "clk", 0 0, v0x561f2ee61ed0_0;  1 drivers
v0x561f2ee61a00_0 .net "d", 0 0, v0x561f2ee61f90_0;  1 drivers
v0x561f2ee61ac0_0 .net "dir", 0 0, v0x561f2ee62060_0;  1 drivers
v0x561f2ee61b60_0 .net "en", 0 0, v0x561f2ee62160_0;  1 drivers
v0x561f2ee61c20_0 .var "out", 3 0;
v0x561f2ee61d50_0 .net "rst", 0 0, v0x561f2ee62320_0;  1 drivers
E_0x561f2ee4f600 .event posedge, v0x561f2ee13090_0;
    .scope S_0x561f2ee12df0;
T_0 ;
    %wait E_0x561f2ee4f600;
    %load/vec4 v0x561f2ee61d50_0;
    %flag_set/vec4 8;
    %jmp/0xz  T_0.0, 8;
    %pushi/vec4 0, 0, 4;
    %assign/vec4 v0x561f2ee61c20_0, 0;
    %jmp T_0.1;
T_0.0 ;
    %load/vec4 v0x561f2ee61b60_0;
    %flag_set/vec4 8;
    %jmp/0xz  T_0.2, 8;
    %load/vec4 v0x561f2ee61ac0_0;
    %dup/vec4;
    %pushi/vec4 0, 0, 1;
    %cmp/u;
    %jmp/1 T_0.4, 6;
    %dup/vec4;
    %pushi/vec4 1, 0, 1;
    %cmp/u;
    %jmp/1 T_0.5, 6;
    %jmp T_0.6;
T_0.4 ;
    %load/vec4 v0x561f2ee61c20_0;
    %parti/s 3, 0, 2;
    %load/vec4 v0x561f2ee61a00_0;
    %concat/vec4; draw_concat_vec4
    %assign/vec4 v0x561f2ee61c20_0, 0;
    %jmp T_0.6;
T_0.5 ;
    %load/vec4 v0x561f2ee61a00_0;
    %load/vec4 v0x561f2ee61c20_0;
    %parti/s 3, 1, 2;
    %concat/vec4; draw_concat_vec4
    %assign/vec4 v0x561f2ee61c20_0, 0;
    %jmp T_0.6;
T_0.6 ;
    %pop/vec4 1;
    %jmp T_0.3;
T_0.2 ;
    %load/vec4 v0x561f2ee61c20_0;
    %assign/vec4 v0x561f2ee61c20_0, 0;
T_0.3 ;
T_0.1 ;
    %jmp T_0;
    .thread T_0;
    .scope S_0x561f2ee144e0;
T_1 ;
    %delay 5000, 0;
    %load/vec4 v0x561f2ee61ed0_0;
    %inv;
    %store/vec4 v0x561f2ee61ed0_0, 0, 1;
    %jmp T_1;
    .thread T_1;
    .scope S_0x561f2ee144e0;
T_2 ;
    %vpi_call 2 26 "$dumpfile", "waveform.vcd" {0 0 0};
    %vpi_call 2 27 "$dumpvars", 32'sb00000000000000000000000000000000, S_0x561f2ee144e0 {0 0 0};
    %pushi/vec4 0, 0, 1;
    %store/vec4 v0x561f2ee61f90_0, 0, 1;
    %pushi/vec4 0, 0, 1;
    %store/vec4 v0x561f2ee61ed0_0, 0, 1;
    %pushi/vec4 1, 0, 1;
    %store/vec4 v0x561f2ee62160_0, 0, 1;
    %pushi/vec4 0, 0, 1;
    %store/vec4 v0x561f2ee62060_0, 0, 1;
    %pushi/vec4 1, 0, 1;
    %store/vec4 v0x561f2ee62320_0, 0, 1;
    %delay 10000, 0;
    %pushi/vec4 0, 0, 1;
    %store/vec4 v0x561f2ee62320_0, 0, 1;
    %delay 10000, 0;
    %pushi/vec4 1, 0, 1;
    %store/vec4 v0x561f2ee61f90_0, 0, 1;
    %delay 10000, 0;
    %pushi/vec4 0, 0, 1;
    %store/vec4 v0x561f2ee61f90_0, 0, 1;
    %delay 10000, 0;
    %pushi/vec4 1, 0, 1;
    %store/vec4 v0x561f2ee61f90_0, 0, 1;
    %delay 10000, 0;
    %pushi/vec4 0, 0, 1;
    %store/vec4 v0x561f2ee62160_0, 0, 1;
    %delay 10000, 0;
    %pushi/vec4 0, 0, 1;
    %store/vec4 v0x561f2ee61f90_0, 0, 1;
    %delay 10000, 0;
    %pushi/vec4 1, 0, 1;
    %store/vec4 v0x561f2ee62160_0, 0, 1;
    %pushi/vec4 1, 0, 1;
    %store/vec4 v0x561f2ee62060_0, 0, 1;
    %delay 10000, 0;
    %pushi/vec4 1, 0, 1;
    %store/vec4 v0x561f2ee61f90_0, 0, 1;
    %delay 10000, 0;
    %pushi/vec4 0, 0, 1;
    %store/vec4 v0x561f2ee61f90_0, 0, 1;
    %delay 10000, 0;
    %pushi/vec4 1, 0, 1;
    %store/vec4 v0x561f2ee61f90_0, 0, 1;
    %delay 10000, 0;
    %delay 10000, 0;
    %vpi_call 2 58 "$finish" {0 0 0};
    %end;
    .thread T_2;
# The file index is used to find the file name in the following table.
:file_names 4;
    "N/A";
    "<interactive>";
    "shift_register_tb.v";
    "shift_register.v";
